CRITICAL - 2022-05-05 19:22:26 --> The framework needs the following extension(s) installed and loaded: intl.
#0 D:\XAMPP\htdocs\biblioteca\system\CodeIgniter.php(219): CodeIgniter\Exceptions\FrameworkException::forMissingExtension('intl')
#1 D:\XAMPP\htdocs\biblioteca\system\CodeIgniter.php(177): CodeIgniter\CodeIgniter->resolvePlatformExtensions()
#2 D:\XAMPP\htdocs\biblioteca\system\bootstrap.php(146): CodeIgniter\CodeIgniter->initialize()
#3 D:\XAMPP\htdocs\biblioteca\public\index.php(28): require('D:\\XAMPP\\htdocs...')
#4 {main}
CRITICAL - 2022-05-05 19:22:26 --> Uncaught ErrorException: file_get_contents(D:\XAMPP\htdocs\biblioteca\app\Views\errors\html\debug.css): Failed to open stream: No such file or directory in D:\XAMPP\htdocs\biblioteca\app\Views\errors\html\error_exception.php:10
Stack trace:
#0 [internal function]: CodeIgniter\Debug\Exceptions->errorHandler(2, 'file_get_conten...', 'D:\\XAMPP\\htdocs...', 10)
#1 D:\XAMPP\htdocs\biblioteca\app\Views\errors\html\error_exception.php(10): file_get_contents('D:\\XAMPP\\htdocs...')
#2 D:\XAMPP\htdocs\biblioteca\system\Debug\Exceptions.php(234): include('D:\\XAMPP\\htdocs...')
#3 D:\XAMPP\htdocs\biblioteca\system\Debug\Exceptions.php(237): CodeIgniter\Debug\Exceptions->CodeIgniter\Debug\{closure}()
#4 D:\XAMPP\htdocs\biblioteca\system\Debug\Exceptions.php(121): CodeIgniter\Debug\Exceptions->render(Object(CodeIgniter\Exceptions\FrameworkException), 500)
#5 [internal function]: CodeIgniter\Debug\Exceptions->exceptionHandler(Object(CodeIgniter\Exceptions\FrameworkException))
#6 {main}
  thrown
#0 [internal function]: CodeIgniter\Debug\Exceptions->shutdownHandler()
#1 {main}
CRITICAL - 2022-05-05 19:22:31 --> The framework needs the following extension(s) installed and loaded: intl.
#0 D:\XAMPP\htdocs\biblioteca\system\CodeIgniter.php(219): CodeIgniter\Exceptions\FrameworkException::forMissingExtension('intl')
#1 D:\XAMPP\htdocs\biblioteca\system\CodeIgniter.php(177): CodeIgniter\CodeIgniter->resolvePlatformExtensions()
#2 D:\XAMPP\htdocs\biblioteca\system\bootstrap.php(146): CodeIgniter\CodeIgniter->initialize()
#3 D:\XAMPP\htdocs\biblioteca\public\index.php(28): require('D:\\XAMPP\\htdocs...')
#4 {main}
CRITICAL - 2022-05-05 19:22:31 --> Uncaught ErrorException: file_get_contents(D:\XAMPP\htdocs\biblioteca\app\Views\errors\html\debug.css): Failed to open stream: No such file or directory in D:\XAMPP\htdocs\biblioteca\app\Views\errors\html\error_exception.php:10
Stack trace:
#0 [internal function]: CodeIgniter\Debug\Exceptions->errorHandler(2, 'file_get_conten...', 'D:\\XAMPP\\htdocs...', 10)
#1 D:\XAMPP\htdocs\biblioteca\app\Views\errors\html\error_exception.php(10): file_get_contents('D:\\XAMPP\\htdocs...')
#2 D:\XAMPP\htdocs\biblioteca\system\Debug\Exceptions.php(234): include('D:\\XAMPP\\htdocs...')
#3 D:\XAMPP\htdocs\biblioteca\system\Debug\Exceptions.php(237): CodeIgniter\Debug\Exceptions->CodeIgniter\Debug\{closure}()
#4 D:\XAMPP\htdocs\biblioteca\system\Debug\Exceptions.php(121): CodeIgniter\Debug\Exceptions->render(Object(CodeIgniter\Exceptions\FrameworkException), 500)
#5 [internal function]: CodeIgniter\Debug\Exceptions->exceptionHandler(Object(CodeIgniter\Exceptions\FrameworkException))
#6 {main}
  thrown
#0 [internal function]: CodeIgniter\Debug\Exceptions->shutdownHandler()
#1 {main}
CRITICAL - 2022-05-05 19:22:42 --> The framework needs the following extension(s) installed and loaded: intl.
#0 D:\XAMPP\htdocs\biblioteca\system\CodeIgniter.php(219): CodeIgniter\Exceptions\FrameworkException::forMissingExtension('intl')
#1 D:\XAMPP\htdocs\biblioteca\system\CodeIgniter.php(177): CodeIgniter\CodeIgniter->resolvePlatformExtensions()
#2 D:\XAMPP\htdocs\biblioteca\system\bootstrap.php(146): CodeIgniter\CodeIgniter->initialize()
#3 D:\XAMPP\htdocs\biblioteca\public\index.php(28): require('D:\\XAMPP\\htdocs...')
#4 {main}
CRITICAL - 2022-05-05 19:22:42 --> Uncaught ErrorException: file_get_contents(D:\XAMPP\htdocs\biblioteca\app\Views\errors\html\debug.css): Failed to open stream: No such file or directory in D:\XAMPP\htdocs\biblioteca\app\Views\errors\html\error_exception.php:10
Stack trace:
#0 [internal function]: CodeIgniter\Debug\Exceptions->errorHandler(2, 'file_get_conten...', 'D:\\XAMPP\\htdocs...', 10)
#1 D:\XAMPP\htdocs\biblioteca\app\Views\errors\html\error_exception.php(10): file_get_contents('D:\\XAMPP\\htdocs...')
#2 D:\XAMPP\htdocs\biblioteca\system\Debug\Exceptions.php(234): include('D:\\XAMPP\\htdocs...')
#3 D:\XAMPP\htdocs\biblioteca\system\Debug\Exceptions.php(237): CodeIgniter\Debug\Exceptions->CodeIgniter\Debug\{closure}()
#4 D:\XAMPP\htdocs\biblioteca\system\Debug\Exceptions.php(121): CodeIgniter\Debug\Exceptions->render(Object(CodeIgniter\Exceptions\FrameworkException), 500)
#5 [internal function]: CodeIgniter\Debug\Exceptions->exceptionHandler(Object(CodeIgniter\Exceptions\FrameworkException))
#6 {main}
  thrown
#0 [internal function]: CodeIgniter\Debug\Exceptions->shutdownHandler()
#1 {main}
CRITICAL - 2022-05-05 19:27:35 --> The framework needs the following extension(s) installed and loaded: intl.
#0 D:\XAMPP\htdocs\biblioteca\system\CodeIgniter.php(219): CodeIgniter\Exceptions\FrameworkException::forMissingExtension('intl')
#1 D:\XAMPP\htdocs\biblioteca\system\CodeIgniter.php(177): CodeIgniter\CodeIgniter->resolvePlatformExtensions()
#2 D:\XAMPP\htdocs\biblioteca\system\bootstrap.php(146): CodeIgniter\CodeIgniter->initialize()
#3 D:\XAMPP\htdocs\biblioteca\public\index.php(28): require('D:\\XAMPP\\htdocs...')
#4 {main}
CRITICAL - 2022-05-05 19:27:35 --> Uncaught ErrorException: file_get_contents(D:\XAMPP\htdocs\biblioteca\app\Views\errors\html\debug.css): Failed to open stream: No such file or directory in D:\XAMPP\htdocs\biblioteca\app\Views\errors\html\error_exception.php:10
Stack trace:
#0 [internal function]: CodeIgniter\Debug\Exceptions->errorHandler(2, 'file_get_conten...', 'D:\\XAMPP\\htdocs...', 10)
#1 D:\XAMPP\htdocs\biblioteca\app\Views\errors\html\error_exception.php(10): file_get_contents('D:\\XAMPP\\htdocs...')
#2 D:\XAMPP\htdocs\biblioteca\system\Debug\Exceptions.php(234): include('D:\\XAMPP\\htdocs...')
#3 D:\XAMPP\htdocs\biblioteca\system\Debug\Exceptions.php(237): CodeIgniter\Debug\Exceptions->CodeIgniter\Debug\{closure}()
#4 D:\XAMPP\htdocs\biblioteca\system\Debug\Exceptions.php(121): CodeIgniter\Debug\Exceptions->render(Object(CodeIgniter\Exceptions\FrameworkException), 500)
#5 [internal function]: CodeIgniter\Debug\Exceptions->exceptionHandler(Object(CodeIgniter\Exceptions\FrameworkException))
#6 {main}
  thrown
#0 [internal function]: CodeIgniter\Debug\Exceptions->shutdownHandler()
#1 {main}
CRITICAL - 2022-05-05 19:28:00 --> The framework needs the following extension(s) installed and loaded: intl.
#0 D:\XAMPP\htdocs\biblioteca\system\CodeIgniter.php(219): CodeIgniter\Exceptions\FrameworkException::forMissingExtension('intl')
#1 D:\XAMPP\htdocs\biblioteca\system\CodeIgniter.php(177): CodeIgniter\CodeIgniter->resolvePlatformExtensions()
#2 D:\XAMPP\htdocs\biblioteca\system\bootstrap.php(146): CodeIgniter\CodeIgniter->initialize()
#3 D:\XAMPP\htdocs\biblioteca\public\index.php(28): require('D:\\XAMPP\\htdocs...')
#4 {main}
CRITICAL - 2022-05-05 19:28:00 --> Uncaught ErrorException: file_get_contents(D:\XAMPP\htdocs\biblioteca\app\Views\errors\html\debug.css): Failed to open stream: No such file or directory in D:\XAMPP\htdocs\biblioteca\app\Views\errors\html\error_exception.php:10
Stack trace:
#0 [internal function]: CodeIgniter\Debug\Exceptions->errorHandler(2, 'file_get_conten...', 'D:\\XAMPP\\htdocs...', 10)
#1 D:\XAMPP\htdocs\biblioteca\app\Views\errors\html\error_exception.php(10): file_get_contents('D:\\XAMPP\\htdocs...')
#2 D:\XAMPP\htdocs\biblioteca\system\Debug\Exceptions.php(234): include('D:\\XAMPP\\htdocs...')
#3 D:\XAMPP\htdocs\biblioteca\system\Debug\Exceptions.php(237): CodeIgniter\Debug\Exceptions->CodeIgniter\Debug\{closure}()
#4 D:\XAMPP\htdocs\biblioteca\system\Debug\Exceptions.php(121): CodeIgniter\Debug\Exceptions->render(Object(CodeIgniter\Exceptions\FrameworkException), 500)
#5 [internal function]: CodeIgniter\Debug\Exceptions->exceptionHandler(Object(CodeIgniter\Exceptions\FrameworkException))
#6 {main}
  thrown
#0 [internal function]: CodeIgniter\Debug\Exceptions->shutdownHandler()
#1 {main}
CRITICAL - 2022-05-05 19:30:02 --> The framework needs the following extension(s) installed and loaded: intl.
#0 D:\XAMPP\htdocs\biblioteca\system\CodeIgniter.php(219): CodeIgniter\Exceptions\FrameworkException::forMissingExtension('intl')
#1 D:\XAMPP\htdocs\biblioteca\system\CodeIgniter.php(177): CodeIgniter\CodeIgniter->resolvePlatformExtensions()
#2 D:\XAMPP\htdocs\biblioteca\system\bootstrap.php(146): CodeIgniter\CodeIgniter->initialize()
#3 D:\XAMPP\htdocs\biblioteca\public\index.php(28): require('D:\\XAMPP\\htdocs...')
#4 {main}
CRITICAL - 2022-05-05 12:32:00 --> Class "App\Controllers\BaseController" not found
#0 D:\XAMPP\htdocs\biblioteca\system\Router\Router.php(518): include_once()
#1 D:\XAMPP\htdocs\biblioteca\system\Router\Router.php(175): CodeIgniter\Router\Router->autoRoute('/')
#2 D:\XAMPP\htdocs\biblioteca\system\CodeIgniter.php(726): CodeIgniter\Router\Router->handle('/')
#3 D:\XAMPP\htdocs\biblioteca\system\CodeIgniter.php(368): CodeIgniter\CodeIgniter->tryToRouteIt(NULL)
#4 D:\XAMPP\htdocs\biblioteca\system\CodeIgniter.php(326): CodeIgniter\CodeIgniter->handleRequest(NULL, Object(Config\Cache), false)
#5 D:\XAMPP\htdocs\biblioteca\public\index.php(37): CodeIgniter\CodeIgniter->run()
#6 {main}
CRITICAL - 2022-05-05 12:32:04 --> Class "App\Controllers\BaseController" not found
#0 D:\XAMPP\htdocs\biblioteca\system\Router\Router.php(518): include_once()
#1 D:\XAMPP\htdocs\biblioteca\system\Router\Router.php(175): CodeIgniter\Router\Router->autoRoute('/')
#2 D:\XAMPP\htdocs\biblioteca\system\CodeIgniter.php(726): CodeIgniter\Router\Router->handle('/')
#3 D:\XAMPP\htdocs\biblioteca\system\CodeIgniter.php(368): CodeIgniter\CodeIgniter->tryToRouteIt(NULL)
#4 D:\XAMPP\htdocs\biblioteca\system\CodeIgniter.php(326): CodeIgniter\CodeIgniter->handleRequest(NULL, Object(Config\Cache), false)
#5 D:\XAMPP\htdocs\biblioteca\public\index.php(37): CodeIgniter\CodeIgniter->run()
#6 {main}
CRITICAL - 2022-05-05 12:35:47 --> Class "Config\Database" not found
#0 D:\XAMPP\htdocs\biblioteca\system\Debug\Toolbar\Collectors\Database.php(69): CodeIgniter\Debug\Toolbar\Collectors\Database->getConnections()
#1 D:\XAMPP\htdocs\biblioteca\system\Debug\Toolbar.php(62): CodeIgniter\Debug\Toolbar\Collectors\Database->__construct()
#2 D:\XAMPP\htdocs\biblioteca\system\Config\Services.php(626): CodeIgniter\Debug\Toolbar->__construct(Object(Config\Toolbar))
#3 D:\XAMPP\htdocs\biblioteca\system\Config\BaseService.php(248): CodeIgniter\Config\Services::toolbar(Object(Config\Toolbar), false)
#4 D:\XAMPP\htdocs\biblioteca\system\Config\BaseService.php(189): CodeIgniter\Config\BaseService::__callStatic('toolbar', Array)
#5 D:\XAMPP\htdocs\biblioteca\system\Config\Services.php(621): CodeIgniter\Config\BaseService::getSharedInstance('toolbar', NULL)
#6 D:\XAMPP\htdocs\biblioteca\system\Config\BaseService.php(248): CodeIgniter\Config\Services::toolbar()
#7 D:\XAMPP\htdocs\biblioteca\system\Filters\DebugToolbar.php(40): CodeIgniter\Config\BaseService::__callStatic('toolbar', Array)
#8 D:\XAMPP\htdocs\biblioteca\system\Filters\Filters.php(196): CodeIgniter\Filters\DebugToolbar->after(Object(CodeIgniter\HTTP\IncomingRequest), Object(CodeIgniter\HTTP\Response), NULL)
#9 D:\XAMPP\htdocs\biblioteca\system\CodeIgniter.php(436): CodeIgniter\Filters\Filters->run('/', 'after')
#10 D:\XAMPP\htdocs\biblioteca\system\CodeIgniter.php(326): CodeIgniter\CodeIgniter->handleRequest(NULL, Object(Config\Cache), false)
#11 D:\XAMPP\htdocs\biblioteca\public\index.php(37): CodeIgniter\CodeIgniter->run()
#12 {main}
CRITICAL - 2022-05-05 13:03:43 --> Object of class CodeIgniter\HTTP\RedirectResponse could not be converted to string
#0 D:\XAMPP\htdocs\biblioteca\system\View\View.php(210): include()
#1 D:\XAMPP\htdocs\biblioteca\system\View\View.php(213): CodeIgniter\View\View->CodeIgniter\View\{closure}()
#2 D:\XAMPP\htdocs\biblioteca\system\Common.php(1089): CodeIgniter\View\View->render('templates/Heade...', Array, true)
#3 D:\XAMPP\htdocs\biblioteca\app\Controllers\Home.php(11): view('templates/Heade...', Array)
#4 D:\XAMPP\htdocs\biblioteca\system\CodeIgniter.php(832): App\Controllers\Home->index()
#5 D:\XAMPP\htdocs\biblioteca\system\CodeIgniter.php(419): CodeIgniter\CodeIgniter->runController(Object(App\Controllers\Home))
#6 D:\XAMPP\htdocs\biblioteca\system\CodeIgniter.php(326): CodeIgniter\CodeIgniter->handleRequest(NULL, Object(Config\Cache), false)
#7 D:\XAMPP\htdocs\biblioteca\public\index.php(37): CodeIgniter\CodeIgniter->run()
#8 {main}
CRITICAL - 2022-05-05 13:04:00 --> Object of class CodeIgniter\HTTP\RedirectResponse could not be converted to string
#0 D:\XAMPP\htdocs\biblioteca\system\View\View.php(210): include()
#1 D:\XAMPP\htdocs\biblioteca\system\View\View.php(213): CodeIgniter\View\View->CodeIgniter\View\{closure}()
#2 D:\XAMPP\htdocs\biblioteca\system\Common.php(1089): CodeIgniter\View\View->render('templates/Heade...', Array, true)
#3 D:\XAMPP\htdocs\biblioteca\app\Controllers\Home.php(11): view('templates/Heade...', Array)
#4 D:\XAMPP\htdocs\biblioteca\system\CodeIgniter.php(832): App\Controllers\Home->index()
#5 D:\XAMPP\htdocs\biblioteca\system\CodeIgniter.php(419): CodeIgniter\CodeIgniter->runController(Object(App\Controllers\Home))
#6 D:\XAMPP\htdocs\biblioteca\system\CodeIgniter.php(326): CodeIgniter\CodeIgniter->handleRequest(NULL, Object(Config\Cache), false)
#7 D:\XAMPP\htdocs\biblioteca\public\index.php(37): CodeIgniter\CodeIgniter->run()
#8 {main}
CRITICAL - 2022-05-05 13:04:11 -->  route cannot be found while reverse-routing.
#0 D:\XAMPP\htdocs\biblioteca\system\HTTP\RedirectResponse.php(56): CodeIgniter\HTTP\Exceptions\HTTPException::forInvalidRedirectRoute('')
#1 D:\XAMPP\htdocs\biblioteca\system\Common.php(832): CodeIgniter\HTTP\RedirectResponse->route(false)
#2 D:\XAMPP\htdocs\biblioteca\app\Views\templates\HeaderNotLogged.php(27): redirect('/loginIndex')
#3 D:\XAMPP\htdocs\biblioteca\system\View\View.php(210): include('D:\\XAMPP\\htdocs...')
#4 D:\XAMPP\htdocs\biblioteca\system\View\View.php(213): CodeIgniter\View\View->CodeIgniter\View\{closure}()
#5 D:\XAMPP\htdocs\biblioteca\system\Common.php(1089): CodeIgniter\View\View->render('templates/Heade...', Array, true)
#6 D:\XAMPP\htdocs\biblioteca\app\Controllers\Home.php(11): view('templates/Heade...', Array)
#7 D:\XAMPP\htdocs\biblioteca\system\CodeIgniter.php(832): App\Controllers\Home->index()
#8 D:\XAMPP\htdocs\biblioteca\system\CodeIgniter.php(419): CodeIgniter\CodeIgniter->runController(Object(App\Controllers\Home))
#9 D:\XAMPP\htdocs\biblioteca\system\CodeIgniter.php(326): CodeIgniter\CodeIgniter->handleRequest(NULL, Object(Config\Cache), false)
#10 D:\XAMPP\htdocs\biblioteca\public\index.php(37): CodeIgniter\CodeIgniter->run()
#11 {main}
CRITICAL - 2022-05-05 13:04:38 -->  route cannot be found while reverse-routing.
#0 D:\XAMPP\htdocs\biblioteca\system\HTTP\RedirectResponse.php(56): CodeIgniter\HTTP\Exceptions\HTTPException::forInvalidRedirectRoute('')
#1 D:\XAMPP\htdocs\biblioteca\system\Common.php(832): CodeIgniter\HTTP\RedirectResponse->route(false)
#2 D:\XAMPP\htdocs\biblioteca\app\Views\templates\HeaderNotLogged.php(27): redirect('Users/index')
#3 D:\XAMPP\htdocs\biblioteca\system\View\View.php(210): include('D:\\XAMPP\\htdocs...')
#4 D:\XAMPP\htdocs\biblioteca\system\View\View.php(213): CodeIgniter\View\View->CodeIgniter\View\{closure}()
#5 D:\XAMPP\htdocs\biblioteca\system\Common.php(1089): CodeIgniter\View\View->render('templates/Heade...', Array, true)
#6 D:\XAMPP\htdocs\biblioteca\app\Controllers\Home.php(11): view('templates/Heade...', Array)
#7 D:\XAMPP\htdocs\biblioteca\system\CodeIgniter.php(832): App\Controllers\Home->index()
#8 D:\XAMPP\htdocs\biblioteca\system\CodeIgniter.php(419): CodeIgniter\CodeIgniter->runController(Object(App\Controllers\Home))
#9 D:\XAMPP\htdocs\biblioteca\system\CodeIgniter.php(326): CodeIgniter\CodeIgniter->handleRequest(NULL, Object(Config\Cache), false)
#10 D:\XAMPP\htdocs\biblioteca\public\index.php(37): CodeIgniter\CodeIgniter->run()
#11 {main}
CRITICAL - 2022-05-05 13:04:45 -->  route cannot be found while reverse-routing.
#0 D:\XAMPP\htdocs\biblioteca\system\HTTP\RedirectResponse.php(56): CodeIgniter\HTTP\Exceptions\HTTPException::forInvalidRedirectRoute('')
#1 D:\XAMPP\htdocs\biblioteca\system\Common.php(832): CodeIgniter\HTTP\RedirectResponse->route(false)
#2 D:\XAMPP\htdocs\biblioteca\app\Views\templates\HeaderNotLogged.php(27): redirect('Users/index')
#3 D:\XAMPP\htdocs\biblioteca\system\View\View.php(210): include('D:\\XAMPP\\htdocs...')
#4 D:\XAMPP\htdocs\biblioteca\system\View\View.php(213): CodeIgniter\View\View->CodeIgniter\View\{closure}()
#5 D:\XAMPP\htdocs\biblioteca\system\Common.php(1089): CodeIgniter\View\View->render('templates/Heade...', Array, true)
#6 D:\XAMPP\htdocs\biblioteca\app\Controllers\Home.php(11): view('templates/Heade...', Array)
#7 D:\XAMPP\htdocs\biblioteca\system\CodeIgniter.php(832): App\Controllers\Home->index()
#8 D:\XAMPP\htdocs\biblioteca\system\CodeIgniter.php(419): CodeIgniter\CodeIgniter->runController(Object(App\Controllers\Home))
#9 D:\XAMPP\htdocs\biblioteca\system\CodeIgniter.php(326): CodeIgniter\CodeIgniter->handleRequest(NULL, Object(Config\Cache), false)
#10 D:\XAMPP\htdocs\biblioteca\public\index.php(37): CodeIgniter\CodeIgniter->run()
#11 {main}
CRITICAL - 2022-05-05 20:18:39 --> Undefined variable $IdPaciente
#0 D:\XAMPP\htdocs\biblioteca\app\Views\AntecedentesViews\AgregarAntecedentes.php(12): CodeIgniter\Debug\Exceptions->errorHandler(2, 'Undefined varia...', 'D:\\XAMPP\\htdocs...', 12)
#1 D:\XAMPP\htdocs\biblioteca\system\View\View.php(210): include('D:\\XAMPP\\htdocs...')
#2 D:\XAMPP\htdocs\biblioteca\system\View\View.php(213): CodeIgniter\View\View->CodeIgniter\View\{closure}()
#3 D:\XAMPP\htdocs\biblioteca\system\Common.php(1089): CodeIgniter\View\View->render('AntecedentesVie...', Array, true)
#4 D:\XAMPP\htdocs\biblioteca\app\Controllers\Antecedentes.php(66): view('AntecedentesVie...', Array)
#5 D:\XAMPP\htdocs\biblioteca\system\CodeIgniter.php(832): App\Controllers\Antecedentes->crearAntecedentes('10')
#6 D:\XAMPP\htdocs\biblioteca\system\CodeIgniter.php(419): CodeIgniter\CodeIgniter->runController(Object(App\Controllers\Antecedentes))
#7 D:\XAMPP\htdocs\biblioteca\system\CodeIgniter.php(326): CodeIgniter\CodeIgniter->handleRequest(NULL, Object(Config\Cache), false)
#8 D:\XAMPP\htdocs\biblioteca\public\index.php(37): CodeIgniter\CodeIgniter->run()
#9 {main}
ERROR - 2022-05-05 20:18:58 --> Duplicate entry '1726550575' for key 'Cedula_UNIQUE'
ERROR - 2022-05-05 20:18:58 --> Cannot add or update a child row: a foreign key constraint fails (`dental_control`.`historial`, CONSTRAINT `FK_HistorialPacienteID` FOREIGN KEY (`id_paciente`) REFERENCES `paciente` (`id_paciente`))
CRITICAL - 2022-05-05 20:18:58 --> Undefined variable $IdPaciente
#0 D:\XAMPP\htdocs\biblioteca\app\Views\AntecedentesViews\AgregarAntecedentes.php(12): CodeIgniter\Debug\Exceptions->errorHandler(2, 'Undefined varia...', 'D:\\XAMPP\\htdocs...', 12)
#1 D:\XAMPP\htdocs\biblioteca\system\View\View.php(210): include('D:\\XAMPP\\htdocs...')
#2 D:\XAMPP\htdocs\biblioteca\system\View\View.php(213): CodeIgniter\View\View->CodeIgniter\View\{closure}()
#3 D:\XAMPP\htdocs\biblioteca\system\Common.php(1089): CodeIgniter\View\View->render('AntecedentesVie...', Array, true)
#4 D:\XAMPP\htdocs\biblioteca\app\Controllers\Antecedentes.php(66): view('AntecedentesVie...', Array)
#5 D:\XAMPP\htdocs\biblioteca\system\CodeIgniter.php(832): App\Controllers\Antecedentes->crearAntecedentes('0')
#6 D:\XAMPP\htdocs\biblioteca\system\CodeIgniter.php(419): CodeIgniter\CodeIgniter->runController(Object(App\Controllers\Antecedentes))
#7 D:\XAMPP\htdocs\biblioteca\system\CodeIgniter.php(326): CodeIgniter\CodeIgniter->handleRequest(NULL, Object(Config\Cache), false)
#8 D:\XAMPP\htdocs\biblioteca\public\index.php(37): CodeIgniter\CodeIgniter->run()
#9 {main}
CRITICAL - 2022-05-05 20:23:28 --> Undefined variable $IdPaciente
#0 D:\XAMPP\htdocs\biblioteca\app\Views\AntecedentesViews\AgregarAntecedentes.php(12): CodeIgniter\Debug\Exceptions->errorHandler(2, 'Undefined varia...', 'D:\\XAMPP\\htdocs...', 12)
#1 D:\XAMPP\htdocs\biblioteca\system\View\View.php(210): include('D:\\XAMPP\\htdocs...')
#2 D:\XAMPP\htdocs\biblioteca\system\View\View.php(213): CodeIgniter\View\View->CodeIgniter\View\{closure}()
#3 D:\XAMPP\htdocs\biblioteca\system\Common.php(1089): CodeIgniter\View\View->render('AntecedentesVie...', Array, true)
#4 D:\XAMPP\htdocs\biblioteca\app\Controllers\Antecedentes.php(66): view('AntecedentesVie...', Array)
#5 D:\XAMPP\htdocs\biblioteca\system\CodeIgniter.php(832): App\Controllers\Antecedentes->crearAntecedentes('12')
#6 D:\XAMPP\htdocs\biblioteca\system\CodeIgniter.php(419): CodeIgniter\CodeIgniter->runController(Object(App\Controllers\Antecedentes))
#7 D:\XAMPP\htdocs\biblioteca\system\CodeIgniter.php(326): CodeIgniter\CodeIgniter->handleRequest(NULL, Object(Config\Cache), false)
#8 D:\XAMPP\htdocs\biblioteca\public\index.php(37): CodeIgniter\CodeIgniter->run()
#9 {main}
