CRITICAL - 2022-05-13 15:02:49 --> Undefined array key "id_tratamiento"
#0 D:\XAMPP\htdocs\biblioteca\app\Views\TratamientosViews\editarTratamiento.php(14): CodeIgniter\Debug\Exceptions->errorHandler(2, 'Undefined array...', 'D:\\XAMPP\\htdocs...', 14)
#1 D:\XAMPP\htdocs\biblioteca\system\View\View.php(210): include('D:\\XAMPP\\htdocs...')
#2 D:\XAMPP\htdocs\biblioteca\system\View\View.php(213): CodeIgniter\View\View->CodeIgniter\View\{closure}()
#3 D:\XAMPP\htdocs\biblioteca\system\Common.php(1089): CodeIgniter\View\View->render('TratamientosVie...', Array, true)
#4 D:\XAMPP\htdocs\biblioteca\app\Controllers\Tratamientos.php(98): view('TratamientosVie...', Array)
#5 D:\XAMPP\htdocs\biblioteca\system\CodeIgniter.php(832): App\Controllers\Tratamientos->editarTratamiento('23', '4')
#6 D:\XAMPP\htdocs\biblioteca\system\CodeIgniter.php(419): CodeIgniter\CodeIgniter->runController(Object(App\Controllers\Tratamientos))
#7 D:\XAMPP\htdocs\biblioteca\system\CodeIgniter.php(326): CodeIgniter\CodeIgniter->handleRequest(NULL, Object(Config\Cache), false)
#8 D:\XAMPP\htdocs\biblioteca\public\index.php(37): CodeIgniter\CodeIgniter->run()
#9 {main}
CRITICAL - 2022-05-13 15:03:46 --> Array to string conversion
#0 D:\XAMPP\htdocs\biblioteca\app\Views\TratamientosViews\editarTratamiento.php(14): CodeIgniter\Debug\Exceptions->errorHandler(2, 'Array to string...', 'D:\\XAMPP\\htdocs...', 14)
#1 D:\XAMPP\htdocs\biblioteca\system\View\View.php(210): include('D:\\XAMPP\\htdocs...')
#2 D:\XAMPP\htdocs\biblioteca\system\View\View.php(213): CodeIgniter\View\View->CodeIgniter\View\{closure}()
#3 D:\XAMPP\htdocs\biblioteca\system\Common.php(1089): CodeIgniter\View\View->render('TratamientosVie...', Array, true)
#4 D:\XAMPP\htdocs\biblioteca\app\Controllers\Tratamientos.php(98): view('TratamientosVie...', Array)
#5 D:\XAMPP\htdocs\biblioteca\system\CodeIgniter.php(832): App\Controllers\Tratamientos->editarTratamiento('23', '4')
#6 D:\XAMPP\htdocs\biblioteca\system\CodeIgniter.php(419): CodeIgniter\CodeIgniter->runController(Object(App\Controllers\Tratamientos))
#7 D:\XAMPP\htdocs\biblioteca\system\CodeIgniter.php(326): CodeIgniter\CodeIgniter->handleRequest(NULL, Object(Config\Cache), false)
#8 D:\XAMPP\htdocs\biblioteca\public\index.php(37): CodeIgniter\CodeIgniter->run()
#9 {main}
CRITICAL - 2022-05-13 15:04:58 --> Array to string conversion
#0 D:\XAMPP\htdocs\biblioteca\app\Views\TratamientosViews\editarTratamiento.php(14): CodeIgniter\Debug\Exceptions->errorHandler(2, 'Array to string...', 'D:\\XAMPP\\htdocs...', 14)
#1 D:\XAMPP\htdocs\biblioteca\system\View\View.php(210): include('D:\\XAMPP\\htdocs...')
#2 D:\XAMPP\htdocs\biblioteca\system\View\View.php(213): CodeIgniter\View\View->CodeIgniter\View\{closure}()
#3 D:\XAMPP\htdocs\biblioteca\system\Common.php(1089): CodeIgniter\View\View->render('TratamientosVie...', Array, true)
#4 D:\XAMPP\htdocs\biblioteca\app\Controllers\Tratamientos.php(98): view('TratamientosVie...', Array)
#5 D:\XAMPP\htdocs\biblioteca\system\CodeIgniter.php(832): App\Controllers\Tratamientos->editarTratamiento('23', '4')
#6 D:\XAMPP\htdocs\biblioteca\system\CodeIgniter.php(419): CodeIgniter\CodeIgniter->runController(Object(App\Controllers\Tratamientos))
#7 D:\XAMPP\htdocs\biblioteca\system\CodeIgniter.php(326): CodeIgniter\CodeIgniter->handleRequest(NULL, Object(Config\Cache), false)
#8 D:\XAMPP\htdocs\biblioteca\public\index.php(37): CodeIgniter\CodeIgniter->run()
#9 {main}
CRITICAL - 2022-05-13 15:07:27 --> Undefined array key "Nombre"
#0 D:\XAMPP\htdocs\biblioteca\app\Views\TratamientosViews\editarTratamiento.php(18): CodeIgniter\Debug\Exceptions->errorHandler(2, 'Undefined array...', 'D:\\XAMPP\\htdocs...', 18)
#1 D:\XAMPP\htdocs\biblioteca\system\View\View.php(210): include('D:\\XAMPP\\htdocs...')
#2 D:\XAMPP\htdocs\biblioteca\system\View\View.php(213): CodeIgniter\View\View->CodeIgniter\View\{closure}()
#3 D:\XAMPP\htdocs\biblioteca\system\Common.php(1089): CodeIgniter\View\View->render('TratamientosVie...', Array, true)
#4 D:\XAMPP\htdocs\biblioteca\app\Controllers\Tratamientos.php(98): view('TratamientosVie...', Array)
#5 D:\XAMPP\htdocs\biblioteca\system\CodeIgniter.php(832): App\Controllers\Tratamientos->editarTratamiento('23', '4')
#6 D:\XAMPP\htdocs\biblioteca\system\CodeIgniter.php(419): CodeIgniter\CodeIgniter->runController(Object(App\Controllers\Tratamientos))
#7 D:\XAMPP\htdocs\biblioteca\system\CodeIgniter.php(326): CodeIgniter\CodeIgniter->handleRequest(NULL, Object(Config\Cache), false)
#8 D:\XAMPP\htdocs\biblioteca\public\index.php(37): CodeIgniter\CodeIgniter->run()
#9 {main}
CRITICAL - 2022-05-13 15:09:25 --> Undefined array key 2
#0 D:\XAMPP\htdocs\biblioteca\app\Views\TratamientosViews\editarTratamiento.php(18): CodeIgniter\Debug\Exceptions->errorHandler(2, 'Undefined array...', 'D:\\XAMPP\\htdocs...', 18)
#1 D:\XAMPP\htdocs\biblioteca\system\View\View.php(210): include('D:\\XAMPP\\htdocs...')
#2 D:\XAMPP\htdocs\biblioteca\system\View\View.php(213): CodeIgniter\View\View->CodeIgniter\View\{closure}()
#3 D:\XAMPP\htdocs\biblioteca\system\Common.php(1089): CodeIgniter\View\View->render('TratamientosVie...', Array, true)
#4 D:\XAMPP\htdocs\biblioteca\app\Controllers\Tratamientos.php(98): view('TratamientosVie...', Array)
#5 D:\XAMPP\htdocs\biblioteca\system\CodeIgniter.php(832): App\Controllers\Tratamientos->editarTratamiento('23', '4')
#6 D:\XAMPP\htdocs\biblioteca\system\CodeIgniter.php(419): CodeIgniter\CodeIgniter->runController(Object(App\Controllers\Tratamientos))
#7 D:\XAMPP\htdocs\biblioteca\system\CodeIgniter.php(326): CodeIgniter\CodeIgniter->handleRequest(NULL, Object(Config\Cache), false)
#8 D:\XAMPP\htdocs\biblioteca\public\index.php(37): CodeIgniter\CodeIgniter->run()
#9 {main}
CRITICAL - 2022-05-13 15:09:49 --> Undefined array key 1
#0 D:\XAMPP\htdocs\biblioteca\app\Views\TratamientosViews\editarTratamiento.php(18): CodeIgniter\Debug\Exceptions->errorHandler(2, 'Undefined array...', 'D:\\XAMPP\\htdocs...', 18)
#1 D:\XAMPP\htdocs\biblioteca\system\View\View.php(210): include('D:\\XAMPP\\htdocs...')
#2 D:\XAMPP\htdocs\biblioteca\system\View\View.php(213): CodeIgniter\View\View->CodeIgniter\View\{closure}()
#3 D:\XAMPP\htdocs\biblioteca\system\Common.php(1089): CodeIgniter\View\View->render('TratamientosVie...', Array, true)
#4 D:\XAMPP\htdocs\biblioteca\app\Controllers\Tratamientos.php(98): view('TratamientosVie...', Array)
#5 D:\XAMPP\htdocs\biblioteca\system\CodeIgniter.php(832): App\Controllers\Tratamientos->editarTratamiento('23', '4')
#6 D:\XAMPP\htdocs\biblioteca\system\CodeIgniter.php(419): CodeIgniter\CodeIgniter->runController(Object(App\Controllers\Tratamientos))
#7 D:\XAMPP\htdocs\biblioteca\system\CodeIgniter.php(326): CodeIgniter\CodeIgniter->handleRequest(NULL, Object(Config\Cache), false)
#8 D:\XAMPP\htdocs\biblioteca\public\index.php(37): CodeIgniter\CodeIgniter->run()
#9 {main}
CRITICAL - 2022-05-13 15:09:57 --> Undefined array key 8
#0 D:\XAMPP\htdocs\biblioteca\app\Views\TratamientosViews\editarTratamiento.php(22): CodeIgniter\Debug\Exceptions->errorHandler(2, 'Undefined array...', 'D:\\XAMPP\\htdocs...', 22)
#1 D:\XAMPP\htdocs\biblioteca\system\View\View.php(210): include('D:\\XAMPP\\htdocs...')
#2 D:\XAMPP\htdocs\biblioteca\system\View\View.php(213): CodeIgniter\View\View->CodeIgniter\View\{closure}()
#3 D:\XAMPP\htdocs\biblioteca\system\Common.php(1089): CodeIgniter\View\View->render('TratamientosVie...', Array, true)
#4 D:\XAMPP\htdocs\biblioteca\app\Controllers\Tratamientos.php(98): view('TratamientosVie...', Array)
#5 D:\XAMPP\htdocs\biblioteca\system\CodeIgniter.php(832): App\Controllers\Tratamientos->editarTratamiento('23', '4')
#6 D:\XAMPP\htdocs\biblioteca\system\CodeIgniter.php(419): CodeIgniter\CodeIgniter->runController(Object(App\Controllers\Tratamientos))
#7 D:\XAMPP\htdocs\biblioteca\system\CodeIgniter.php(326): CodeIgniter\CodeIgniter->handleRequest(NULL, Object(Config\Cache), false)
#8 D:\XAMPP\htdocs\biblioteca\public\index.php(37): CodeIgniter\CodeIgniter->run()
#9 {main}
CRITICAL - 2022-05-13 15:12:21 --> Cannot use object of type App\Models\Tratamiento as array
#0 D:\XAMPP\htdocs\biblioteca\system\View\View.php(210): include()
#1 D:\XAMPP\htdocs\biblioteca\system\View\View.php(213): CodeIgniter\View\View->CodeIgniter\View\{closure}()
#2 D:\XAMPP\htdocs\biblioteca\system\Common.php(1089): CodeIgniter\View\View->render('TratamientosVie...', Array, true)
#3 D:\XAMPP\htdocs\biblioteca\app\Controllers\Tratamientos.php(98): view('TratamientosVie...', Array)
#4 D:\XAMPP\htdocs\biblioteca\system\CodeIgniter.php(832): App\Controllers\Tratamientos->editarTratamiento('23', '4')
#5 D:\XAMPP\htdocs\biblioteca\system\CodeIgniter.php(419): CodeIgniter\CodeIgniter->runController(Object(App\Controllers\Tratamientos))
#6 D:\XAMPP\htdocs\biblioteca\system\CodeIgniter.php(326): CodeIgniter\CodeIgniter->handleRequest(NULL, Object(Config\Cache), false)
#7 D:\XAMPP\htdocs\biblioteca\public\index.php(37): CodeIgniter\CodeIgniter->run()
#8 {main}
CRITICAL - 2022-05-13 15:19:23 --> Undefined array key "Nombre"
#0 D:\XAMPP\htdocs\biblioteca\app\Views\TratamientosViews\editarTratamiento.php(18): CodeIgniter\Debug\Exceptions->errorHandler(2, 'Undefined array...', 'D:\\XAMPP\\htdocs...', 18)
#1 D:\XAMPP\htdocs\biblioteca\system\View\View.php(210): include('D:\\XAMPP\\htdocs...')
#2 D:\XAMPP\htdocs\biblioteca\system\View\View.php(213): CodeIgniter\View\View->CodeIgniter\View\{closure}()
#3 D:\XAMPP\htdocs\biblioteca\system\Common.php(1089): CodeIgniter\View\View->render('TratamientosVie...', Array, true)
#4 D:\XAMPP\htdocs\biblioteca\app\Controllers\Tratamientos.php(99): view('TratamientosVie...', Array)
#5 D:\XAMPP\htdocs\biblioteca\system\CodeIgniter.php(832): App\Controllers\Tratamientos->editarTratamiento('23', '4')
#6 D:\XAMPP\htdocs\biblioteca\system\CodeIgniter.php(419): CodeIgniter\CodeIgniter->runController(Object(App\Controllers\Tratamientos))
#7 D:\XAMPP\htdocs\biblioteca\system\CodeIgniter.php(326): CodeIgniter\CodeIgniter->handleRequest(NULL, Object(Config\Cache), false)
#8 D:\XAMPP\htdocs\biblioteca\public\index.php(37): CodeIgniter\CodeIgniter->run()
#9 {main}
